{"total": {"lines":{"total":13251,"covered":7209,"skipped":0,"pct":54.4},"statements":{"total":13251,"covered":7209,"skipped":0,"pct":54.4},"functions":{"total":884,"covered":519,"skipped":0,"pct":58.71},"branches":{"total":1989,"covered":1593,"skipped":0,"pct":80.09},"branchesTrue":{"total":0,"covered":0,"skipped":0,"pct":100}}
,"/home/sulochan/development/sqlwarden/.worktrees/frontend-refactor/frontend/src/fontsource.d.ts": {"lines":{"total":0,"covered":0,"skipped":0,"pct":100},"functions":{"total":1,"covered":1,"skipped":0,"pct":100},"statements":{"total":0,"covered":0,"skipped":0,"pct":100},"branches":{"total":1,"covered":1,"skipped":0,"pct":100}}
,"/home/sulochan/development/sqlwarden/.worktrees/frontend-refactor/frontend/src/router.tsx": {"lines":{"total":14,"covered":14,"skipped":0,"pct":100},"functions":{"total":1,"covered":1,"skipped":0,"pct":100},"statements":{"total":14,"covered":14,"skipped":0,"pct":100},"branches":{"total":1,"covered":1,"skipped":0,"pct":100}}
,"/home/sulochan/development/sqlwarden/.worktrees/frontend-refactor/frontend/src/app/providers.tsx": {"lines":{"total":6,"covered":0,"skipped":0,"pct":0},"functions":{"total":1,"covered":1,"skipped":0,"pct":100},"statements":{"total":6,"covered":0,"skipped":0,"pct":0},"branches":{"total":1,"covered":1,"skipped":0,"pct":100}}
,"/home/sulochan/development/sqlwarden/.worktrees/frontend-refactor/frontend/src/app/query-client.ts": {"lines":{"total":24,"covered":0,"skipped":0,"pct":0},"functions":{"total":1,"covered":0,"skipped":0,"pct":0},"statements":{"total":24,"covered":0,"skipped":0,"pct":0},"branches":{"total":1,"covered":0,"skipped":0,"pct":0}}
,"/home/sulochan/development/sqlwarden/.worktrees/frontend-refactor/frontend/src/components/EmptyState.tsx": {"lines":{"total":20,"covered":13,"skipped":0,"pct":65},"functions":{"total":2,"covered":1,"skipped":0,"pct":50},"statements":{"total":20,"covered":13,"skipped":0,"pct":65},"branches":{"total":3,"covered":1,"skipped":0,"pct":33.33}}
,"/home/sulochan/development/sqlwarden/.worktrees/frontend-refactor/frontend/src/components/GlobalLoadingBar.tsx": {"lines":{"total":15,"covered":15,"skipped":0,"pct":100},"functions":{"total":1,"covered":1,"skipped":0,"pct":100},"statements":{"total":15,"covered":15,"skipped":0,"pct":100},"branches":{"total":1,"covered":1,"skipped":0,"pct":100}}
,"/home/sulochan/development/sqlwarden/.worktrees/frontend-refactor/frontend/src/components/InitialsAvatar.tsx": {"lines":{"total":20,"covered":16,"skipped":0,"pct":80},"functions":{"total":2,"covered":2,"skipped":0,"pct":100},"statements":{"total":20,"covered":16,"skipped":0,"pct":80},"branches":{"total":7,"covered":3,"skipped":0,"pct":42.85}}
,"/home/sulochan/development/sqlwarden/.worktrees/frontend-refactor/frontend/src/components/PaginationFooter.tsx": {"lines":{"total":69,"covered":63,"skipped":0,"pct":91.3},"functions":{"total":4,"covered":3,"skipped":0,"pct":75},"statements":{"total":69,"covered":63,"skipped":0,"pct":91.3},"branches":{"total":7,"covered":5,"skipped":0,"pct":71.42}}
,"/home/sulochan/development/sqlwarden/.worktrees/frontend-refactor/frontend/src/components/RoutePending.tsx": {"lines":{"total":5,"covered":1,"skipped":0,"pct":20},"functions":{"total":1,"covered":0,"skipped":0,"pct":0},"statements":{"total":5,"covered":1,"skipped":0,"pct":20},"branches":{"total":0,"covered":0,"skipped":0,"pct":100}}
,"/home/sulochan/development/sqlwarden/.worktrees/frontend-refactor/frontend/src/components/SearchInput.tsx": {"lines":{"total":24,"covered":23,"skipped":0,"pct":95.83},"functions":{"total":2,"covered":2,"skipped":0,"pct":100},"statements":{"total":24,"covered":23,"skipped":0,"pct":95.83},"branches":{"total":3,"covered":2,"skipped":0,"pct":66.66}}
,"/home/sulochan/development/sqlwarden/.worktrees/frontend-refactor/frontend/src/components/SectionTabNav.tsx": {"lines":{"total":21,"covered":0,"skipped":0,"pct":0},"functions":{"total":1,"covered":0,"skipped":0,"pct":0},"statements":{"total":21,"covered":0,"skipped":0,"pct":0},"branches":{"total":1,"covered":0,"skipped":0,"pct":0}}
,"/home/sulochan/development/sqlwarden/.worktrees/frontend-refactor/frontend/src/components/TableColumnHeader.tsx": {"lines":{"total":22,"covered":0,"skipped":0,"pct":0},"functions":{"total":1,"covered":0,"skipped":0,"pct":0},"statements":{"total":22,"covered":0,"skipped":0,"pct":0},"branches":{"total":1,"covered":0,"skipped":0,"pct":0}}
,"/home/sulochan/development/sqlwarden/.worktrees/frontend-refactor/frontend/src/components/app-shell.tsx": {"lines":{"total":775,"covered":0,"skipped":0,"pct":0},"functions":{"total":1,"covered":0,"skipped":0,"pct":0},"statements":{"total":775,"covered":0,"skipped":0,"pct":0},"branches":{"total":1,"covered":0,"skipped":0,"pct":0}}
,"/home/sulochan/development/sqlwarden/.worktrees/frontend-refactor/frontend/src/components/devtools.tsx": {"lines":{"total":14,"covered":0,"skipped":0,"pct":0},"functions":{"total":1,"covered":0,"skipped":0,"pct":0},"statements":{"total":14,"covered":0,"skipped":0,"pct":0},"branches":{"total":1,"covered":0,"skipped":0,"pct":0}}
,"/home/sulochan/development/sqlwarden/.worktrees/frontend-refactor/frontend/src/components/theme-provider.tsx": {"lines":{"total":177,"covered":124,"skipped":0,"pct":70.05},"functions":{"total":9,"covered":7,"skipped":0,"pct":77.77},"statements":{"total":177,"covered":124,"skipped":0,"pct":70.05},"branches":{"total":35,"covered":20,"skipped":0,"pct":57.14}}
,"/home/sulochan/development/sqlwarden/.worktrees/frontend-refactor/frontend/src/components/access-control/PermissionPicker.tsx": {"lines":{"total":96,"covered":95,"skipped":0,"pct":98.95},"functions":{"total":5,"covered":4,"skipped":0,"pct":80},"statements":{"total":96,"covered":95,"skipped":0,"pct":98.95},"branches":{"total":20,"covered":16,"skipped":0,"pct":80}}
,"/home/sulochan/development/sqlwarden/.worktrees/frontend-refactor/frontend/src/components/access-control/RolesTableSkeleton.tsx": {"lines":{"total":21,"covered":0,"skipped":0,"pct":0},"functions":{"total":1,"covered":0,"skipped":0,"pct":0},"statements":{"total":21,"covered":0,"skipped":0,"pct":0},"branches":{"total":1,"covered":0,"skipped":0,"pct":0}}
,"/home/sulochan/development/sqlwarden/.worktrees/frontend-refactor/frontend/src/components/access-control/SearchComboboxField.tsx": {"lines":{"total":112,"covered":106,"skipped":0,"pct":94.64},"functions":{"total":7,"covered":7,"skipped":0,"pct":100},"statements":{"total":112,"covered":106,"skipped":0,"pct":94.64},"branches":{"total":24,"covered":14,"skipped":0,"pct":58.33}}
,"/home/sulochan/development/sqlwarden/.worktrees/frontend-refactor/frontend/src/components/ide/ConnectionDialog.tsx": {"lines":{"total":280,"covered":257,"skipped":0,"pct":91.78},"functions":{"total":16,"covered":10,"skipped":0,"pct":62.5},"statements":{"total":280,"covered":257,"skipped":0,"pct":91.78},"branches":{"total":55,"covered":37,"skipped":0,"pct":67.27}}
,"/home/sulochan/development/sqlwarden/.worktrees/frontend-refactor/frontend/src/components/ide/CreateItemDialog.tsx": {"lines":{"total":146,"covered":135,"skipped":0,"pct":92.46},"functions":{"total":9,"covered":6,"skipped":0,"pct":66.66},"statements":{"total":146,"covered":135,"skipped":0,"pct":92.46},"branches":{"total":29,"covered":26,"skipped":0,"pct":89.65}}
,"/home/sulochan/development/sqlwarden/.worktrees/frontend-refactor/frontend/src/components/ide/DatabasePanel.tsx": {"lines":{"total":511,"covered":314,"skipped":0,"pct":61.44},"functions":{"total":32,"covered":6,"skipped":0,"pct":18.75},"statements":{"total":511,"covered":314,"skipped":0,"pct":61.44},"branches":{"total":57,"covered":37,"skipped":0,"pct":64.91}}
,"/home/sulochan/development/sqlwarden/.worktrees/frontend-refactor/frontend/src/components/ide/DriverBadge.tsx": {"lines":{"total":21,"covered":16,"skipped":0,"pct":76.19},"functions":{"total":1,"covered":1,"skipped":0,"pct":100},"statements":{"total":21,"covered":16,"skipped":0,"pct":76.19},"branches":{"total":2,"covered":1,"skipped":0,"pct":50}}
,"/home/sulochan/development/sqlwarden/.worktrees/frontend-refactor/frontend/src/components/ide/EditorGroup.tsx": {"lines":{"total":75,"covered":0,"skipped":0,"pct":0},"functions":{"total":1,"covered":0,"skipped":0,"pct":0},"statements":{"total":75,"covered":0,"skipped":0,"pct":0},"branches":{"total":1,"covered":0,"skipped":0,"pct":0}}
,"/home/sulochan/development/sqlwarden/.worktrees/frontend-refactor/frontend/src/components/ide/EditorLayout.tsx": {"lines":{"total":31,"covered":0,"skipped":0,"pct":0},"functions":{"total":1,"covered":0,"skipped":0,"pct":0},"statements":{"total":31,"covered":0,"skipped":0,"pct":0},"branches":{"total":1,"covered":0,"skipped":0,"pct":0}}
,"/home/sulochan/development/sqlwarden/.worktrees/frontend-refactor/frontend/src/components/ide/FileContextMenu.tsx": {"lines":{"total":47,"covered":47,"skipped":0,"pct":100},"functions":{"total":11,"covered":1,"skipped":0,"pct":9.09},"statements":{"total":47,"covered":47,"skipped":0,"pct":100},"branches":{"total":9,"covered":8,"skipped":0,"pct":88.88}}
,"/home/sulochan/development/sqlwarden/.worktrees/frontend-refactor/frontend/src/components/ide/FilesPanel.tsx": {"lines":{"total":287,"covered":250,"skipped":0,"pct":87.1},"functions":{"total":24,"covered":6,"skipped":0,"pct":25},"statements":{"total":287,"covered":250,"skipped":0,"pct":87.1},"branches":{"total":46,"covered":38,"skipped":0,"pct":82.6}}
,"/home/sulochan/development/sqlwarden/.worktrees/frontend-refactor/frontend/src/components/ide/FindPanel.tsx": {"lines":{"total":130,"covered":0,"skipped":0,"pct":0},"functions":{"total":1,"covered":0,"skipped":0,"pct":0},"statements":{"total":130,"covered":0,"skipped":0,"pct":0},"branches":{"total":1,"covered":0,"skipped":0,"pct":0}}
,"/home/sulochan/development/sqlwarden/.worktrees/frontend-refactor/frontend/src/components/ide/IdeActivityBar.tsx": {"lines":{"total":51,"covered":0,"skipped":0,"pct":0},"functions":{"total":1,"covered":0,"skipped":0,"pct":0},"statements":{"total":51,"covered":0,"skipped":0,"pct":0},"branches":{"total":1,"covered":0,"skipped":0,"pct":0}}
,"/home/sulochan/development/sqlwarden/.worktrees/frontend-refactor/frontend/src/components/ide/IdeTabBar.tsx": {"lines":{"total":256,"covered":27,"skipped":0,"pct":10.54},"functions":{"total":4,"covered":1,"skipped":0,"pct":25},"statements":{"total":256,"covered":27,"skipped":0,"pct":10.54},"branches":{"total":7,"covered":7,"skipped":0,"pct":100}}
,"/home/sulochan/development/sqlwarden/.worktrees/frontend-refactor/frontend/src/components/ide/IdeToolbar.tsx": {"lines":{"total":374,"covered":26,"skipped":0,"pct":6.95},"functions":{"total":1,"covered":0,"skipped":0,"pct":0},"statements":{"total":374,"covered":26,"skipped":0,"pct":6.95},"branches":{"total":1,"covered":0,"skipped":0,"pct":0}}
,"/home/sulochan/development/sqlwarden/.worktrees/frontend-refactor/frontend/src/components/ide/IdeTopBarControls.tsx": {"lines":{"total":77,"covered":0,"skipped":0,"pct":0},"functions":{"total":1,"covered":0,"skipped":0,"pct":0},"statements":{"total":77,"covered":0,"skipped":0,"pct":0},"branches":{"total":1,"covered":0,"skipped":0,"pct":0}}
,"/home/sulochan/development/sqlwarden/.worktrees/frontend-refactor/frontend/src/components/ide/ResultsArea.tsx": {"lines":{"total":708,"covered":383,"skipped":0,"pct":54.09},"functions":{"total":40,"covered":11,"skipped":0,"pct":27.5},"statements":{"total":708,"covered":383,"skipped":0,"pct":54.09},"branches":{"total":67,"covered":39,"skipped":0,"pct":58.2}}
,"/home/sulochan/development/sqlwarden/.worktrees/frontend-refactor/frontend/src/components/ide/SaveAsDialog.tsx": {"lines":{"total":188,"covered":178,"skipped":0,"pct":94.68},"functions":{"total":11,"covered":7,"skipped":0,"pct":63.63},"statements":{"total":188,"covered":178,"skipped":0,"pct":94.68},"branches":{"total":22,"covered":19,"skipped":0,"pct":86.36}}
,"/home/sulochan/development/sqlwarden/.worktrees/frontend-refactor/frontend/src/components/ide/SchemaTree.tsx": {"lines":{"total":478,"covered":369,"skipped":0,"pct":77.19},"functions":{"total":40,"covered":22,"skipped":0,"pct":55},"statements":{"total":478,"covered":369,"skipped":0,"pct":77.19},"branches":{"total":94,"covered":60,"skipped":0,"pct":63.82}}
,"/home/sulochan/development/sqlwarden/.worktrees/frontend-refactor/frontend/src/components/ide/SidebarPane.tsx": {"lines":{"total":37,"covered":27,"skipped":0,"pct":72.97},"functions":{"total":2,"covered":1,"skipped":0,"pct":50},"statements":{"total":37,"covered":27,"skipped":0,"pct":72.97},"branches":{"total":4,"covered":3,"skipped":0,"pct":75}}
,"/home/sulochan/development/sqlwarden/.worktrees/frontend-refactor/frontend/src/components/ide/SqlEditor.tsx": {"lines":{"total":114,"covered":0,"skipped":0,"pct":0},"functions":{"total":1,"covered":0,"skipped":0,"pct":0},"statements":{"total":114,"covered":0,"skipped":0,"pct":0},"branches":{"total":1,"covered":0,"skipped":0,"pct":0}}
,"/home/sulochan/development/sqlwarden/.worktrees/frontend-refactor/frontend/src/components/ide/WorkspaceIde.tsx": {"lines":{"total":495,"covered":0,"skipped":0,"pct":0},"functions":{"total":1,"covered":0,"skipped":0,"pct":0},"statements":{"total":495,"covered":0,"skipped":0,"pct":0},"branches":{"total":1,"covered":0,"skipped":0,"pct":0}}
,"/home/sulochan/development/sqlwarden/.worktrees/frontend-refactor/frontend/src/components/ide/codemirrorSetup.ts": {"lines":{"total":63,"covered":0,"skipped":0,"pct":0},"functions":{"total":1,"covered":0,"skipped":0,"pct":0},"statements":{"total":63,"covered":0,"skipped":0,"pct":0},"branches":{"total":1,"covered":0,"skipped":0,"pct":0}}
,"/home/sulochan/development/sqlwarden/.worktrees/frontend-refactor/frontend/src/components/ide/columnTypeIcon.ts": {"lines":{"total":34,"covered":34,"skipped":0,"pct":100},"functions":{"total":1,"covered":1,"skipped":0,"pct":100},"statements":{"total":34,"covered":34,"skipped":0,"pct":100},"branches":{"total":36,"covered":36,"skipped":0,"pct":100}}
,"/home/sulochan/development/sqlwarden/.worktrees/frontend-refactor/frontend/src/components/ide/cursorPaging.ts": {"lines":{"total":43,"covered":43,"skipped":0,"pct":100},"functions":{"total":2,"covered":2,"skipped":0,"pct":100},"statements":{"total":43,"covered":43,"skipped":0,"pct":100},"branches":{"total":17,"covered":14,"skipped":0,"pct":82.35}}
,"/home/sulochan/development/sqlwarden/.worktrees/frontend-refactor/frontend/src/components/ide/dialect.ts": {"lines":{"total":47,"covered":47,"skipped":0,"pct":100},"functions":{"total":13,"covered":13,"skipped":0,"pct":100},"statements":{"total":47,"covered":47,"skipped":0,"pct":100},"branches":{"total":18,"covered":18,"skipped":0,"pct":100}}
,"/home/sulochan/development/sqlwarden/.worktrees/frontend-refactor/frontend/src/components/ide/fileHydration.ts": {"lines":{"total":14,"covered":14,"skipped":0,"pct":100},"functions":{"total":1,"covered":1,"skipped":0,"pct":100},"statements":{"total":14,"covered":14,"skipped":0,"pct":100},"branches":{"total":8,"covered":8,"skipped":0,"pct":100}}
,"/home/sulochan/development/sqlwarden/.worktrees/frontend-refactor/frontend/src/components/ide/filePersistence.ts": {"lines":{"total":12,"covered":12,"skipped":0,"pct":100},"functions":{"total":1,"covered":1,"skipped":0,"pct":100},"statements":{"total":12,"covered":12,"skipped":0,"pct":100},"branches":{"total":6,"covered":6,"skipped":0,"pct":100}}
,"/home/sulochan/development/sqlwarden/.worktrees/frontend-refactor/frontend/src/components/ide/fileTypes.ts": {"lines":{"total":9,"covered":9,"skipped":0,"pct":100},"functions":{"total":1,"covered":1,"skipped":0,"pct":100},"statements":{"total":9,"covered":9,"skipped":0,"pct":100},"branches":{"total":2,"covered":1,"skipped":0,"pct":50}}
,"/home/sulochan/development/sqlwarden/.worktrees/frontend-refactor/frontend/src/components/ide/findMatches.ts": {"lines":{"total":14,"covered":14,"skipped":0,"pct":100},"functions":{"total":1,"covered":1,"skipped":0,"pct":100},"statements":{"total":14,"covered":14,"skipped":0,"pct":100},"branches":{"total":7,"covered":7,"skipped":0,"pct":100}}
,"/home/sulochan/development/sqlwarden/.worktrees/frontend-refactor/frontend/src/components/ide/findPanel.ts": {"lines":{"total":14,"covered":0,"skipped":0,"pct":0},"functions":{"total":1,"covered":1,"skipped":0,"pct":100},"statements":{"total":14,"covered":0,"skipped":0,"pct":0},"branches":{"total":1,"covered":1,"skipped":0,"pct":100}}
,"/home/sulochan/development/sqlwarden/.worktrees/frontend-refactor/frontend/src/components/ide/findPanelBridge.ts": {"lines":{"total":4,"covered":0,"skipped":0,"pct":0},"functions":{"total":1,"covered":0,"skipped":0,"pct":0},"statements":{"total":4,"covered":0,"skipped":0,"pct":0},"branches":{"total":1,"covered":0,"skipped":0,"pct":0}}
,"/home/sulochan/development/sqlwarden/.worktrees/frontend-refactor/frontend/src/components/ide/ideActivities.tsx": {"lines":{"total":11,"covered":0,"skipped":0,"pct":0},"functions":{"total":1,"covered":1,"skipped":0,"pct":100},"statements":{"total":11,"covered":0,"skipped":0,"pct":0},"branches":{"total":1,"covered":1,"skipped":0,"pct":100}}
,"/home/sulochan/development/sqlwarden/.worktrees/frontend-refactor/frontend/src/components/ide/ideDeepLink.ts": {"lines":{"total":31,"covered":31,"skipped":0,"pct":100},"functions":{"total":3,"covered":3,"skipped":0,"pct":100},"statements":{"total":31,"covered":31,"skipped":0,"pct":100},"branches":{"total":23,"covered":23,"skipped":0,"pct":100}}
,"/home/sulochan/development/sqlwarden/.worktrees/frontend-refactor/frontend/src/components/ide/ideLayout.ts": {"lines":{"total":192,"covered":191,"skipped":0,"pct":99.47},"functions":{"total":21,"covered":21,"skipped":0,"pct":100},"statements":{"total":192,"covered":191,"skipped":0,"pct":99.47},"branches":{"total":117,"covered":109,"skipped":0,"pct":93.16}}
,"/home/sulochan/development/sqlwarden/.worktrees/frontend-refactor/frontend/src/components/ide/queryExecution.ts": {"lines":{"total":37,"covered":37,"skipped":0,"pct":100},"functions":{"total":2,"covered":2,"skipped":0,"pct":100},"statements":{"total":37,"covered":37,"skipped":0,"pct":100},"branches":{"total":8,"covered":8,"skipped":0,"pct":100}}
,"/home/sulochan/development/sqlwarden/.worktrees/frontend-refactor/frontend/src/components/ide/resultGridNav.ts": {"lines":{"total":20,"covered":20,"skipped":0,"pct":100},"functions":{"total":1,"covered":1,"skipped":0,"pct":100},"statements":{"total":20,"covered":20,"skipped":0,"pct":100},"branches":{"total":6,"covered":6,"skipped":0,"pct":100}}
,"/home/sulochan/development/sqlwarden/.worktrees/frontend-refactor/frontend/src/components/ide/resultValues.ts": {"lines":{"total":27,"covered":27,"skipped":0,"pct":100},"functions":{"total":3,"covered":3,"skipped":0,"pct":100},"statements":{"total":27,"covered":27,"skipped":0,"pct":100},"branches":{"total":26,"covered":19,"skipped":0,"pct":73.07}}
,"/home/sulochan/development/sqlwarden/.worktrees/frontend-refactor/frontend/src/components/ide/saveFile.ts": {"lines":{"total":11,"covered":11,"skipped":0,"pct":100},"functions":{"total":2,"covered":2,"skipped":0,"pct":100},"statements":{"total":11,"covered":11,"skipped":0,"pct":100},"branches":{"total":2,"covered":2,"skipped":0,"pct":100}}
,"/home/sulochan/development/sqlwarden/.worktrees/frontend-refactor/frontend/src/components/ide/schemaCatalog.ts": {"lines":{"total":32,"covered":32,"skipped":0,"pct":100},"functions":{"total":6,"covered":6,"skipped":0,"pct":100},"statements":{"total":32,"covered":32,"skipped":0,"pct":100},"branches":{"total":29,"covered":21,"skipped":0,"pct":72.41}}
,"/home/sulochan/development/sqlwarden/.worktrees/frontend-refactor/frontend/src/components/ide/sessionErrors.ts": {"lines":{"total":72,"covered":52,"skipped":0,"pct":72.22},"functions":{"total":4,"covered":4,"skipped":0,"pct":100},"statements":{"total":72,"covered":52,"skipped":0,"pct":72.22},"branches":{"total":19,"covered":16,"skipped":0,"pct":84.21}}
,"/home/sulochan/development/sqlwarden/.worktrees/frontend-refactor/frontend/src/components/ide/sqlDialect.ts": {"lines":{"total":2,"covered":2,"skipped":0,"pct":100},"functions":{"total":0,"covered":0,"skipped":0,"pct":100},"statements":{"total":2,"covered":2,"skipped":0,"pct":100},"branches":{"total":0,"covered":0,"skipped":0,"pct":100}}
,"/home/sulochan/development/sqlwarden/.worktrees/frontend-refactor/frontend/src/components/ide/sqlStatements.ts": {"lines":{"total":58,"covered":58,"skipped":0,"pct":100},"functions":{"total":3,"covered":3,"skipped":0,"pct":100},"statements":{"total":58,"covered":58,"skipped":0,"pct":100},"branches":{"total":48,"covered":48,"skipped":0,"pct":100}}
,"/home/sulochan/development/sqlwarden/.worktrees/frontend-refactor/frontend/src/components/ide/storeSync.ts": {"lines":{"total":82,"covered":67,"skipped":0,"pct":81.7},"functions":{"total":2,"covered":2,"skipped":0,"pct":100},"statements":{"total":82,"covered":67,"skipped":0,"pct":81.7},"branches":{"total":30,"covered":16,"skipped":0,"pct":53.33}}
,"/home/sulochan/development/sqlwarden/.worktrees/frontend-refactor/frontend/src/components/ide/useColumnResize.ts": {"lines":{"total":47,"covered":45,"skipped":0,"pct":95.74},"functions":{"total":4,"covered":4,"skipped":0,"pct":100},"statements":{"total":47,"covered":45,"skipped":0,"pct":95.74},"branches":{"total":13,"covered":10,"skipped":0,"pct":76.92}}
,"/home/sulochan/development/sqlwarden/.worktrees/frontend-refactor/frontend/src/components/ide/useConnectionActions.ts": {"lines":{"total":77,"covered":73,"skipped":0,"pct":94.8},"functions":{"total":12,"covered":10,"skipped":0,"pct":83.33},"statements":{"total":77,"covered":73,"skipped":0,"pct":94.8},"branches":{"total":17,"covered":17,"skipped":0,"pct":100}}
,"/home/sulochan/development/sqlwarden/.worktrees/frontend-refactor/frontend/src/components/ide/useConnectionForm.ts": {"lines":{"total":158,"covered":144,"skipped":0,"pct":91.13},"functions":{"total":17,"covered":14,"skipped":0,"pct":82.35},"statements":{"total":158,"covered":144,"skipped":0,"pct":91.13},"branches":{"total":46,"covered":42,"skipped":0,"pct":91.3}}
,"/home/sulochan/development/sqlwarden/.worktrees/frontend-refactor/frontend/src/components/ide/useConnectionLayout.tsx": {"lines":{"total":25,"covered":22,"skipped":0,"pct":88},"functions":{"total":5,"covered":3,"skipped":0,"pct":60},"statements":{"total":25,"covered":22,"skipped":0,"pct":88},"branches":{"total":6,"covered":6,"skipped":0,"pct":100}}
,"/home/sulochan/development/sqlwarden/.worktrees/frontend-refactor/frontend/src/components/ide/useEditorDocumentLifecycle.ts": {"lines":{"total":108,"covered":100,"skipped":0,"pct":92.59},"functions":{"total":6,"covered":6,"skipped":0,"pct":100},"statements":{"total":108,"covered":100,"skipped":0,"pct":92.59},"branches":{"total":42,"covered":37,"skipped":0,"pct":88.09}}
,"/home/sulochan/development/sqlwarden/.worktrees/frontend-refactor/frontend/src/components/ide/useEditorViewRegistry.ts": {"lines":{"total":15,"covered":15,"skipped":0,"pct":100},"functions":{"total":5,"covered":2,"skipped":0,"pct":40},"statements":{"total":15,"covered":15,"skipped":0,"pct":100},"branches":{"total":3,"covered":2,"skipped":0,"pct":66.66}}
,"/home/sulochan/development/sqlwarden/.worktrees/frontend-refactor/frontend/src/components/ide/useFileActions.ts": {"lines":{"total":52,"covered":50,"skipped":0,"pct":96.15},"functions":{"total":8,"covered":7,"skipped":0,"pct":87.5},"statements":{"total":52,"covered":50,"skipped":0,"pct":96.15},"branches":{"total":18,"covered":17,"skipped":0,"pct":94.44}}
,"/home/sulochan/development/sqlwarden/.worktrees/frontend-refactor/frontend/src/components/ide/useFileContent.ts": {"lines":{"total":32,"covered":0,"skipped":0,"pct":0},"functions":{"total":1,"covered":0,"skipped":0,"pct":0},"statements":{"total":32,"covered":0,"skipped":0,"pct":0},"branches":{"total":1,"covered":0,"skipped":0,"pct":0}}
,"/home/sulochan/development/sqlwarden/.worktrees/frontend-refactor/frontend/src/components/ide/useIdeStore.ts": {"lines":{"total":427,"covered":366,"skipped":0,"pct":85.71},"functions":{"total":49,"covered":35,"skipped":0,"pct":71.42},"statements":{"total":427,"covered":366,"skipped":0,"pct":85.71},"branches":{"total":137,"covered":112,"skipped":0,"pct":81.75}}
,"/home/sulochan/development/sqlwarden/.worktrees/frontend-refactor/frontend/src/components/ide/useInsertIntoEditor.ts": {"lines":{"total":23,"covered":11,"skipped":0,"pct":47.82},"functions":{"total":1,"covered":1,"skipped":0,"pct":100},"statements":{"total":23,"covered":11,"skipped":0,"pct":47.82},"branches":{"total":1,"covered":1,"skipped":0,"pct":100}}
,"/home/sulochan/development/sqlwarden/.worktrees/frontend-refactor/frontend/src/components/ide/useQueryExecution.ts": {"lines":{"total":64,"covered":6,"skipped":0,"pct":9.37},"functions":{"total":1,"covered":0,"skipped":0,"pct":0},"statements":{"total":64,"covered":6,"skipped":0,"pct":9.37},"branches":{"total":0,"covered":0,"skipped":0,"pct":100}}
,"/home/sulochan/development/sqlwarden/.worktrees/frontend-refactor/frontend/src/components/ide/useResultCursorPaging.ts": {"lines":{"total":62,"covered":53,"skipped":0,"pct":85.48},"functions":{"total":3,"covered":2,"skipped":0,"pct":66.66},"statements":{"total":62,"covered":53,"skipped":0,"pct":85.48},"branches":{"total":10,"covered":10,"skipped":0,"pct":100}}
,"/home/sulochan/development/sqlwarden/.worktrees/frontend-refactor/frontend/src/components/ide/useSaveEditorTab.ts": {"lines":{"total":31,"covered":7,"skipped":0,"pct":22.58},"functions":{"total":1,"covered":0,"skipped":0,"pct":0},"statements":{"total":31,"covered":7,"skipped":0,"pct":22.58},"branches":{"total":0,"covered":0,"skipped":0,"pct":100}}
,"/home/sulochan/development/sqlwarden/.worktrees/frontend-refactor/frontend/src/components/ide/useSessionSync.ts": {"lines":{"total":30,"covered":0,"skipped":0,"pct":0},"functions":{"total":1,"covered":0,"skipped":0,"pct":0},"statements":{"total":30,"covered":0,"skipped":0,"pct":0},"branches":{"total":1,"covered":0,"skipped":0,"pct":0}}
,"/home/sulochan/development/sqlwarden/.worktrees/frontend-refactor/frontend/src/components/ide/useTabStripOverflow.ts": {"lines":{"total":43,"covered":43,"skipped":0,"pct":100},"functions":{"total":3,"covered":3,"skipped":0,"pct":100},"statements":{"total":43,"covered":43,"skipped":0,"pct":100},"branches":{"total":12,"covered":7,"skipped":0,"pct":58.33}}
,"/home/sulochan/development/sqlwarden/.worktrees/frontend-refactor/frontend/src/components/ide/useYDocRegistry.ts": {"lines":{"total":87,"covered":83,"skipped":0,"pct":95.4},"functions":{"total":10,"covered":9,"skipped":0,"pct":90},"statements":{"total":87,"covered":83,"skipped":0,"pct":95.4},"branches":{"total":30,"covered":29,"skipped":0,"pct":96.66}}
,"/home/sulochan/development/sqlwarden/.worktrees/frontend-refactor/frontend/src/components/ide/windowRole.ts": {"lines":{"total":38,"covered":38,"skipped":0,"pct":100},"functions":{"total":6,"covered":6,"skipped":0,"pct":100},"statements":{"total":38,"covered":38,"skipped":0,"pct":100},"branches":{"total":14,"covered":14,"skipped":0,"pct":100}}
,"/home/sulochan/development/sqlwarden/.worktrees/frontend-refactor/frontend/src/components/ide/connection-drivers/index.ts": {"lines":{"total":13,"covered":13,"skipped":0,"pct":100},"functions":{"total":1,"covered":1,"skipped":0,"pct":100},"statements":{"total":13,"covered":13,"skipped":0,"pct":100},"branches":{"total":7,"covered":7,"skipped":0,"pct":100}}
,"/home/sulochan/development/sqlwarden/.worktrees/frontend-refactor/frontend/src/components/ide/connection-drivers/mysql.ts": {"lines":{"total":54,"covered":50,"skipped":0,"pct":92.59},"functions":{"total":1,"covered":0,"skipped":0,"pct":0},"statements":{"total":54,"covered":50,"skipped":0,"pct":92.59},"branches":{"total":0,"covered":0,"skipped":0,"pct":100}}
,"/home/sulochan/development/sqlwarden/.worktrees/frontend-refactor/frontend/src/components/ide/connection-drivers/postgres.ts": {"lines":{"total":69,"covered":68,"skipped":0,"pct":98.55},"functions":{"total":1,"covered":1,"skipped":0,"pct":100},"statements":{"total":69,"covered":68,"skipped":0,"pct":98.55},"branches":{"total":3,"covered":1,"skipped":0,"pct":33.33}}
,"/home/sulochan/development/sqlwarden/.worktrees/frontend-refactor/frontend/src/components/ide/connection-drivers/types.ts": {"lines":{"total":0,"covered":0,"skipped":0,"pct":100},"functions":{"total":1,"covered":1,"skipped":0,"pct":100},"statements":{"total":0,"covered":0,"skipped":0,"pct":100},"branches":{"total":1,"covered":1,"skipped":0,"pct":100}}
,"/home/sulochan/development/sqlwarden/.worktrees/frontend-refactor/frontend/src/components/ide/contextMenus/clipboard.ts": {"lines":{"total":40,"covered":23,"skipped":0,"pct":57.5},"functions":{"total":8,"covered":6,"skipped":0,"pct":75},"statements":{"total":40,"covered":23,"skipped":0,"pct":57.5},"branches":{"total":9,"covered":8,"skipped":0,"pct":88.88}}
,"/home/sulochan/development/sqlwarden/.worktrees/frontend-refactor/frontend/src/components/ide/contextMenus/columnMenu.ts": {"lines":{"total":17,"covered":17,"skipped":0,"pct":100},"functions":{"total":2,"covered":2,"skipped":0,"pct":100},"statements":{"total":17,"covered":17,"skipped":0,"pct":100},"branches":{"total":2,"covered":2,"skipped":0,"pct":100}}
,"/home/sulochan/development/sqlwarden/.worktrees/frontend-refactor/frontend/src/components/ide/contextMenus/connectionMenu.ts": {"lines":{"total":19,"covered":19,"skipped":0,"pct":100},"functions":{"total":1,"covered":1,"skipped":0,"pct":100},"statements":{"total":19,"covered":19,"skipped":0,"pct":100},"branches":{"total":3,"covered":3,"skipped":0,"pct":100}}
,"/home/sulochan/development/sqlwarden/.worktrees/frontend-refactor/frontend/src/components/ide/contextMenus/environmentMenu.ts": {"lines":{"total":12,"covered":12,"skipped":0,"pct":100},"functions":{"total":1,"covered":1,"skipped":0,"pct":100},"statements":{"total":12,"covered":12,"skipped":0,"pct":100},"branches":{"total":1,"covered":1,"skipped":0,"pct":100}}
,"/home/sulochan/development/sqlwarden/.worktrees/frontend-refactor/frontend/src/components/ide/contextMenus/fileMenu.ts": {"lines":{"total":59,"covered":59,"skipped":0,"pct":100},"functions":{"total":3,"covered":3,"skipped":0,"pct":100},"statements":{"total":59,"covered":59,"skipped":0,"pct":100},"branches":{"total":5,"covered":5,"skipped":0,"pct":100}}
,"/home/sulochan/development/sqlwarden/.worktrees/frontend-refactor/frontend/src/components/ide/contextMenus/objectMenu.ts": {"lines":{"total":18,"covered":18,"skipped":0,"pct":100},"functions":{"total":1,"covered":1,"skipped":0,"pct":100},"statements":{"total":18,"covered":18,"skipped":0,"pct":100},"branches":{"total":4,"covered":4,"skipped":0,"pct":100}}
,"/home/sulochan/development/sqlwarden/.worktrees/frontend-refactor/frontend/src/components/ide/contextMenus/resultMenu.ts": {"lines":{"total":32,"covered":32,"skipped":0,"pct":100},"functions":{"total":3,"covered":3,"skipped":0,"pct":100},"statements":{"total":32,"covered":32,"skipped":0,"pct":100},"branches":{"total":3,"covered":3,"skipped":0,"pct":100}}
,"/home/sulochan/development/sqlwarden/.worktrees/frontend-refactor/frontend/src/components/ide/contextMenus/schemaMenu.ts": {"lines":{"total":23,"covered":23,"skipped":0,"pct":100},"functions":{"total":2,"covered":2,"skipped":0,"pct":100},"statements":{"total":23,"covered":23,"skipped":0,"pct":100},"branches":{"total":4,"covered":4,"skipped":0,"pct":100}}
,"/home/sulochan/development/sqlwarden/.worktrees/frontend-refactor/frontend/src/components/ide/contextMenus/tabMenu.ts": {"lines":{"total":17,"covered":17,"skipped":0,"pct":100},"functions":{"total":1,"covered":1,"skipped":0,"pct":100},"statements":{"total":17,"covered":17,"skipped":0,"pct":100},"branches":{"total":2,"covered":2,"skipped":0,"pct":100}}
,"/home/sulochan/development/sqlwarden/.worktrees/frontend-refactor/frontend/src/components/ide/contextMenus/workspaceMenu.ts": {"lines":{"total":7,"covered":7,"skipped":0,"pct":100},"functions":{"total":1,"covered":1,"skipped":0,"pct":100},"statements":{"total":7,"covered":7,"skipped":0,"pct":100},"branches":{"total":1,"covered":1,"skipped":0,"pct":100}}
,"/home/sulochan/development/sqlwarden/.worktrees/frontend-refactor/frontend/src/components/ide/engines/mysql.ts": {"lines":{"total":13,"covered":13,"skipped":0,"pct":100},"functions":{"total":0,"covered":0,"skipped":0,"pct":100},"statements":{"total":13,"covered":13,"skipped":0,"pct":100},"branches":{"total":0,"covered":0,"skipped":0,"pct":100}}
,"/home/sulochan/development/sqlwarden/.worktrees/frontend-refactor/frontend/src/components/ide/engines/postgres.ts": {"lines":{"total":13,"covered":13,"skipped":0,"pct":100},"functions":{"total":0,"covered":0,"skipped":0,"pct":100},"statements":{"total":13,"covered":13,"skipped":0,"pct":100},"branches":{"total":0,"covered":0,"skipped":0,"pct":100}}
,"/home/sulochan/development/sqlwarden/.worktrees/frontend-refactor/frontend/src/components/ide/engines/registry.ts": {"lines":{"total":25,"covered":25,"skipped":0,"pct":100},"functions":{"total":5,"covered":5,"skipped":0,"pct":100},"statements":{"total":25,"covered":25,"skipped":0,"pct":100},"branches":{"total":9,"covered":9,"skipped":0,"pct":100}}
,"/home/sulochan/development/sqlwarden/.worktrees/frontend-refactor/frontend/src/components/ide/engines/sqlite.ts": {"lines":{"total":10,"covered":10,"skipped":0,"pct":100},"functions":{"total":0,"covered":0,"skipped":0,"pct":100},"statements":{"total":10,"covered":10,"skipped":0,"pct":100},"branches":{"total":0,"covered":0,"skipped":0,"pct":100}}
,"/home/sulochan/development/sqlwarden/.worktrees/frontend-refactor/frontend/src/components/ide/engines/types.ts": {"lines":{"total":0,"covered":0,"skipped":0,"pct":100},"functions":{"total":1,"covered":1,"skipped":0,"pct":100},"statements":{"total":0,"covered":0,"skipped":0,"pct":100},"branches":{"total":1,"covered":1,"skipped":0,"pct":100}}
,"/home/sulochan/development/sqlwarden/.worktrees/frontend-refactor/frontend/src/components/ide/exports/ExportButton.tsx": {"lines":{"total":82,"covered":58,"skipped":0,"pct":70.73},"functions":{"total":3,"covered":1,"skipped":0,"pct":33.33},"statements":{"total":82,"covered":58,"skipped":0,"pct":70.73},"branches":{"total":9,"covered":3,"skipped":0,"pct":33.33}}
,"/home/sulochan/development/sqlwarden/.worktrees/frontend-refactor/frontend/src/components/ide/exports/ExportConfirmDialog.tsx": {"lines":{"total":31,"covered":5,"skipped":0,"pct":16.12},"functions":{"total":1,"covered":0,"skipped":0,"pct":0},"statements":{"total":31,"covered":5,"skipped":0,"pct":16.12},"branches":{"total":0,"covered":0,"skipped":0,"pct":100}}
,"/home/sulochan/development/sqlwarden/.worktrees/frontend-refactor/frontend/src/components/ide/exports/ExportToFilesDialog.tsx": {"lines":{"total":114,"covered":14,"skipped":0,"pct":12.28},"functions":{"total":1,"covered":0,"skipped":0,"pct":0},"statements":{"total":114,"covered":14,"skipped":0,"pct":12.28},"branches":{"total":0,"covered":0,"skipped":0,"pct":100}}
,"/home/sulochan/development/sqlwarden/.worktrees/frontend-refactor/frontend/src/components/ide/exports/ExportsPanel.tsx": {"lines":{"total":209,"covered":161,"skipped":0,"pct":77.03},"functions":{"total":14,"covered":9,"skipped":0,"pct":64.28},"statements":{"total":209,"covered":161,"skipped":0,"pct":77.03},"branches":{"total":45,"covered":36,"skipped":0,"pct":80}}
,"/home/sulochan/development/sqlwarden/.worktrees/frontend-refactor/frontend/src/components/ide/exports/dismissedExports.ts": {"lines":{"total":21,"covered":16,"skipped":0,"pct":76.19},"functions":{"total":3,"covered":3,"skipped":0,"pct":100},"statements":{"total":21,"covered":16,"skipped":0,"pct":76.19},"branches":{"total":5,"covered":3,"skipped":0,"pct":60}}
,"/home/sulochan/development/sqlwarden/.worktrees/frontend-refactor/frontend/src/components/ide/exports/exportFormats.ts": {"lines":{"total":6,"covered":6,"skipped":0,"pct":100},"functions":{"total":1,"covered":1,"skipped":0,"pct":100},"statements":{"total":6,"covered":6,"skipped":0,"pct":100},"branches":{"total":2,"covered":2,"skipped":0,"pct":100}}
,"/home/sulochan/development/sqlwarden/.worktrees/frontend-refactor/frontend/src/components/ide/exports/exportRetryCache.ts": {"lines":{"total":7,"covered":7,"skipped":0,"pct":100},"functions":{"total":2,"covered":2,"skipped":0,"pct":100},"statements":{"total":7,"covered":7,"skipped":0,"pct":100},"branches":{"total":2,"covered":2,"skipped":0,"pct":100}}
,"/home/sulochan/development/sqlwarden/.worktrees/frontend-refactor/frontend/src/components/ide/exports/formatBytes.ts": {"lines":{"total":5,"covered":1,"skipped":0,"pct":20},"functions":{"total":1,"covered":0,"skipped":0,"pct":0},"statements":{"total":5,"covered":1,"skipped":0,"pct":20},"branches":{"total":0,"covered":0,"skipped":0,"pct":100}}
,"/home/sulochan/development/sqlwarden/.worktrees/frontend-refactor/frontend/src/components/ide/exports/useDownloadNow.ts": {"lines":{"total":65,"covered":22,"skipped":0,"pct":33.84},"functions":{"total":2,"covered":1,"skipped":0,"pct":50},"statements":{"total":65,"covered":22,"skipped":0,"pct":33.84},"branches":{"total":3,"covered":2,"skipped":0,"pct":66.66}}
,"/home/sulochan/development/sqlwarden/.worktrees/frontend-refactor/frontend/src/components/ide/exports/useExportJobActions.ts": {"lines":{"total":86,"covered":86,"skipped":0,"pct":100},"functions":{"total":14,"covered":9,"skipped":0,"pct":64.28},"statements":{"total":86,"covered":86,"skipped":0,"pct":100},"branches":{"total":18,"covered":15,"skipped":0,"pct":83.33}}
,"/home/sulochan/development/sqlwarden/.worktrees/frontend-refactor/frontend/src/components/ide/exports/useExportJobs.ts": {"lines":{"total":64,"covered":18,"skipped":0,"pct":28.12},"functions":{"total":3,"covered":2,"skipped":0,"pct":66.66},"statements":{"total":64,"covered":18,"skipped":0,"pct":28.12},"branches":{"total":7,"covered":7,"skipped":0,"pct":100}}
,"/home/sulochan/development/sqlwarden/.worktrees/frontend-refactor/frontend/src/components/ide/object-detail/ObjectDataPreview.tsx": {"lines":{"total":132,"covered":10,"skipped":0,"pct":7.57},"functions":{"total":3,"covered":0,"skipped":0,"pct":0},"statements":{"total":132,"covered":10,"skipped":0,"pct":7.57},"branches":{"total":0,"covered":0,"skipped":0,"pct":100}}
,"/home/sulochan/development/sqlwarden/.worktrees/frontend-refactor/frontend/src/components/ide/object-detail/ObjectDetailView.tsx": {"lines":{"total":198,"covered":188,"skipped":0,"pct":94.94},"functions":{"total":10,"covered":7,"skipped":0,"pct":70},"statements":{"total":198,"covered":188,"skipped":0,"pct":94.94},"branches":{"total":64,"covered":54,"skipped":0,"pct":84.37}}
,"/home/sulochan/development/sqlwarden/.worktrees/frontend-refactor/frontend/src/components/ide/object-detail/ReadOnlySqlView.tsx": {"lines":{"total":75,"covered":11,"skipped":0,"pct":14.66},"functions":{"total":2,"covered":0,"skipped":0,"pct":0},"statements":{"total":75,"covered":11,"skipped":0,"pct":14.66},"branches":{"total":0,"covered":0,"skipped":0,"pct":100}}
,"/home/sulochan/development/sqlwarden/.worktrees/frontend-refactor/frontend/src/components/ide/object-detail/baseRenderer.tsx": {"lines":{"total":45,"covered":37,"skipped":0,"pct":82.22},"functions":{"total":10,"covered":3,"skipped":0,"pct":30},"statements":{"total":45,"covered":37,"skipped":0,"pct":82.22},"branches":{"total":15,"covered":10,"skipped":0,"pct":66.66}}
,"/home/sulochan/development/sqlwarden/.worktrees/frontend-refactor/frontend/src/components/ide/object-detail/objectTab.ts": {"lines":{"total":16,"covered":16,"skipped":0,"pct":100},"functions":{"total":2,"covered":2,"skipped":0,"pct":100},"statements":{"total":16,"covered":16,"skipped":0,"pct":100},"branches":{"total":2,"covered":2,"skipped":0,"pct":100}}
,"/home/sulochan/development/sqlwarden/.worktrees/frontend-refactor/frontend/src/components/ide/object-detail/previewData.ts": {"lines":{"total":26,"covered":24,"skipped":0,"pct":92.3},"functions":{"total":5,"covered":5,"skipped":0,"pct":100},"statements":{"total":26,"covered":24,"skipped":0,"pct":92.3},"branches":{"total":26,"covered":21,"skipped":0,"pct":80.76}}
,"/home/sulochan/development/sqlwarden/.worktrees/frontend-refactor/frontend/src/components/ide/object-detail/registry.ts": {"lines":{"total":10,"covered":10,"skipped":0,"pct":100},"functions":{"total":4,"covered":4,"skipped":0,"pct":100},"statements":{"total":10,"covered":10,"skipped":0,"pct":100},"branches":{"total":8,"covered":8,"skipped":0,"pct":100}}
,"/home/sulochan/development/sqlwarden/.worktrees/frontend-refactor/frontend/src/components/ide/object-detail/types.ts": {"lines":{"total":0,"covered":0,"skipped":0,"pct":100},"functions":{"total":1,"covered":1,"skipped":0,"pct":100},"statements":{"total":0,"covered":0,"skipped":0,"pct":100},"branches":{"total":1,"covered":1,"skipped":0,"pct":100}}
,"/home/sulochan/development/sqlwarden/.worktrees/frontend-refactor/frontend/src/components/ide/object-detail/viewState.ts": {"lines":{"total":15,"covered":15,"skipped":0,"pct":100},"functions":{"total":1,"covered":1,"skipped":0,"pct":100},"statements":{"total":15,"covered":15,"skipped":0,"pct":100},"branches":{"total":13,"covered":13,"skipped":0,"pct":100}}
,"/home/sulochan/development/sqlwarden/.worktrees/frontend-refactor/frontend/src/components/ide/object-detail/drivers/mysql.ts": {"lines":{"total":21,"covered":21,"skipped":0,"pct":100},"functions":{"total":5,"covered":3,"skipped":0,"pct":60},"statements":{"total":21,"covered":21,"skipped":0,"pct":100},"branches":{"total":4,"covered":3,"skipped":0,"pct":75}}
,"/home/sulochan/development/sqlwarden/.worktrees/frontend-refactor/frontend/src/components/ide/object-detail/drivers/postgres.ts": {"lines":{"total":13,"covered":13,"skipped":0,"pct":100},"functions":{"total":4,"covered":4,"skipped":0,"pct":100},"statements":{"total":13,"covered":13,"skipped":0,"pct":100},"branches":{"total":9,"covered":9,"skipped":0,"pct":100}}
,"/home/sulochan/development/sqlwarden/.worktrees/frontend-refactor/frontend/src/components/ide/object-detail/drivers/sqlite.ts": {"lines":{"total":1,"covered":1,"skipped":0,"pct":100},"functions":{"total":0,"covered":0,"skipped":0,"pct":100},"statements":{"total":1,"covered":1,"skipped":0,"pct":100},"branches":{"total":0,"covered":0,"skipped":0,"pct":100}}
,"/home/sulochan/development/sqlwarden/.worktrees/frontend-refactor/frontend/src/components/ide/object-detail/sections/ColumnsSection.tsx": {"lines":{"total":57,"covered":52,"skipped":0,"pct":91.22},"functions":{"total":5,"covered":4,"skipped":0,"pct":80},"statements":{"total":57,"covered":52,"skipped":0,"pct":91.22},"branches":{"total":13,"covered":7,"skipped":0,"pct":53.84}}
,"/home/sulochan/development/sqlwarden/.worktrees/frontend-refactor/frontend/src/components/ide/object-detail/sections/DdlSection.tsx": {"lines":{"total":12,"covered":3,"skipped":0,"pct":25},"functions":{"total":1,"covered":0,"skipped":0,"pct":0},"statements":{"total":12,"covered":3,"skipped":0,"pct":25},"branches":{"total":0,"covered":0,"skipped":0,"pct":100}}
,"/home/sulochan/development/sqlwarden/.worktrees/frontend-refactor/frontend/src/components/ide/object-detail/sections/KeysSection.tsx": {"lines":{"total":81,"covered":1,"skipped":0,"pct":1.23},"functions":{"total":4,"covered":0,"skipped":0,"pct":0},"statements":{"total":81,"covered":1,"skipped":0,"pct":1.23},"branches":{"total":0,"covered":0,"skipped":0,"pct":100}}
,"/home/sulochan/development/sqlwarden/.worktrees/frontend-refactor/frontend/src/components/ide/schema-diagram/SchemaDiagramView.tsx": {"lines":{"total":654,"covered":0,"skipped":0,"pct":0},"functions":{"total":1,"covered":0,"skipped":0,"pct":0},"statements":{"total":654,"covered":0,"skipped":0,"pct":0},"branches":{"total":1,"covered":0,"skipped":0,"pct":0}}
,"/home/sulochan/development/sqlwarden/.worktrees/frontend-refactor/frontend/src/components/ide/schema-diagram/Tip.tsx": {"lines":{"total":13,"covered":13,"skipped":0,"pct":100},"functions":{"total":1,"covered":1,"skipped":0,"pct":100},"statements":{"total":13,"covered":13,"skipped":0,"pct":100},"branches":{"total":1,"covered":1,"skipped":0,"pct":100}}
,"/home/sulochan/development/sqlwarden/.worktrees/frontend-refactor/frontend/src/components/ide/schema-diagram/capability.ts": {"lines":{"total":6,"covered":6,"skipped":0,"pct":100},"functions":{"total":2,"covered":2,"skipped":0,"pct":100},"statements":{"total":6,"covered":6,"skipped":0,"pct":100},"branches":{"total":7,"covered":7,"skipped":0,"pct":100}}
,"/home/sulochan/development/sqlwarden/.worktrees/frontend-refactor/frontend/src/components/ide/schema-diagram/diagramModel.ts": {"lines":{"total":99,"covered":99,"skipped":0,"pct":100},"functions":{"total":9,"covered":9,"skipped":0,"pct":100},"statements":{"total":99,"covered":99,"skipped":0,"pct":100},"branches":{"total":55,"covered":45,"skipped":0,"pct":81.81}}
,"/home/sulochan/development/sqlwarden/.worktrees/frontend-refactor/frontend/src/components/ide/schema-diagram/diagramStore.ts": {"lines":{"total":37,"covered":23,"skipped":0,"pct":62.16},"functions":{"total":4,"covered":2,"skipped":0,"pct":50},"statements":{"total":37,"covered":23,"skipped":0,"pct":62.16},"branches":{"total":8,"covered":5,"skipped":0,"pct":62.5}}
,"/home/sulochan/development/sqlwarden/.worktrees/frontend-refactor/frontend/src/components/ide/schema-diagram/diagramTab.ts": {"lines":{"total":20,"covered":20,"skipped":0,"pct":100},"functions":{"total":2,"covered":2,"skipped":0,"pct":100},"statements":{"total":20,"covered":20,"skipped":0,"pct":100},"branches":{"total":8,"covered":8,"skipped":0,"pct":100}}
,"/home/sulochan/development/sqlwarden/.worktrees/frontend-refactor/frontend/src/components/ide/schema-diagram/dnd.ts": {"lines":{"total":1,"covered":1,"skipped":0,"pct":100},"functions":{"total":0,"covered":0,"skipped":0,"pct":100},"statements":{"total":1,"covered":1,"skipped":0,"pct":100},"branches":{"total":0,"covered":0,"skipped":0,"pct":100}}
,"/home/sulochan/development/sqlwarden/.worktrees/frontend-refactor/frontend/src/components/ide/schema-diagram/export.ts": {"lines":{"total":23,"covered":16,"skipped":0,"pct":69.56},"functions":{"total":3,"covered":2,"skipped":0,"pct":66.66},"statements":{"total":23,"covered":16,"skipped":0,"pct":69.56},"branches":{"total":6,"covered":5,"skipped":0,"pct":83.33}}
,"/home/sulochan/development/sqlwarden/.worktrees/frontend-refactor/frontend/src/components/ide/schema-diagram/layout.ts": {"lines":{"total":25,"covered":17,"skipped":0,"pct":68},"functions":{"total":2,"covered":1,"skipped":0,"pct":50},"statements":{"total":25,"covered":17,"skipped":0,"pct":68},"branches":{"total":3,"covered":3,"skipped":0,"pct":100}}
,"/home/sulochan/development/sqlwarden/.worktrees/frontend-refactor/frontend/src/components/ide/schema-diagram/registry.ts": {"lines":{"total":4,"covered":4,"skipped":0,"pct":100},"functions":{"total":1,"covered":1,"skipped":0,"pct":100},"statements":{"total":4,"covered":4,"skipped":0,"pct":100},"branches":{"total":1,"covered":1,"skipped":0,"pct":100}}
,"/home/sulochan/development/sqlwarden/.worktrees/frontend-refactor/frontend/src/components/ide/schema-diagram/types.ts": {"lines":{"total":0,"covered":0,"skipped":0,"pct":100},"functions":{"total":1,"covered":1,"skipped":0,"pct":100},"statements":{"total":0,"covered":0,"skipped":0,"pct":100},"branches":{"total":1,"covered":1,"skipped":0,"pct":100}}
,"/home/sulochan/development/sqlwarden/.worktrees/frontend-refactor/frontend/src/components/ide/schema-diagram/viewState.ts": {"lines":{"total":27,"covered":27,"skipped":0,"pct":100},"functions":{"total":1,"covered":1,"skipped":0,"pct":100},"statements":{"total":27,"covered":27,"skipped":0,"pct":100},"branches":{"total":19,"covered":19,"skipped":0,"pct":100}}
,"/home/sulochan/development/sqlwarden/.worktrees/frontend-refactor/frontend/src/components/ide/schema-diagram/edges/FkEdge.tsx": {"lines":{"total":35,"covered":0,"skipped":0,"pct":0},"functions":{"total":1,"covered":0,"skipped":0,"pct":0},"statements":{"total":35,"covered":0,"skipped":0,"pct":0},"branches":{"total":1,"covered":0,"skipped":0,"pct":0}}
,"/home/sulochan/development/sqlwarden/.worktrees/frontend-refactor/frontend/src/components/ide/schema-diagram/nodes/TableNode.tsx": {"lines":{"total":107,"covered":0,"skipped":0,"pct":0},"functions":{"total":1,"covered":0,"skipped":0,"pct":0},"statements":{"total":107,"covered":0,"skipped":0,"pct":0},"branches":{"total":1,"covered":0,"skipped":0,"pct":0}}
,"/home/sulochan/development/sqlwarden/.worktrees/frontend-refactor/frontend/src/hooks/use-debounced-query-text.ts": {"lines":{"total":17,"covered":17,"skipped":0,"pct":100},"functions":{"total":2,"covered":2,"skipped":0,"pct":100},"statements":{"total":17,"covered":17,"skipped":0,"pct":100},"branches":{"total":5,"covered":5,"skipped":0,"pct":100}}
,"/home/sulochan/development/sqlwarden/.worktrees/frontend-refactor/frontend/src/hooks/use-list-page-state.ts": {"lines":{"total":45,"covered":43,"skipped":0,"pct":95.55},"functions":{"total":4,"covered":3,"skipped":0,"pct":75},"statements":{"total":45,"covered":43,"skipped":0,"pct":95.55},"branches":{"total":13,"covered":12,"skipped":0,"pct":92.3}}
,"/home/sulochan/development/sqlwarden/.worktrees/frontend-refactor/frontend/src/hooks/use-mobile.ts": {"lines":{"total":15,"covered":0,"skipped":0,"pct":0},"functions":{"total":1,"covered":0,"skipped":0,"pct":0},"statements":{"total":15,"covered":0,"skipped":0,"pct":0},"branches":{"total":1,"covered":0,"skipped":0,"pct":0}}
,"/home/sulochan/development/sqlwarden/.worktrees/frontend-refactor/frontend/src/hooks/use-session.ts": {"lines":{"total":15,"covered":10,"skipped":0,"pct":66.66},"functions":{"total":2,"covered":1,"skipped":0,"pct":50},"statements":{"total":15,"covered":10,"skipped":0,"pct":66.66},"branches":{"total":1,"covered":1,"skipped":0,"pct":100}}
,"/home/sulochan/development/sqlwarden/.worktrees/frontend-refactor/frontend/src/hooks/use-setup-status.ts": {"lines":{"total":5,"covered":5,"skipped":0,"pct":100},"functions":{"total":1,"covered":1,"skipped":0,"pct":100},"statements":{"total":5,"covered":5,"skipped":0,"pct":100},"branches":{"total":1,"covered":1,"skipped":0,"pct":100}}
,"/home/sulochan/development/sqlwarden/.worktrees/frontend-refactor/frontend/src/lib/entity-colors.ts": {"lines":{"total":15,"covered":11,"skipped":0,"pct":73.33},"functions":{"total":1,"covered":0,"skipped":0,"pct":0},"statements":{"total":15,"covered":11,"skipped":0,"pct":73.33},"branches":{"total":0,"covered":0,"skipped":0,"pct":100}}
,"/home/sulochan/development/sqlwarden/.worktrees/frontend-refactor/frontend/src/lib/format.ts": {"lines":{"total":10,"covered":10,"skipped":0,"pct":100},"functions":{"total":1,"covered":1,"skipped":0,"pct":100},"statements":{"total":10,"covered":10,"skipped":0,"pct":100},"branches":{"total":5,"covered":5,"skipped":0,"pct":100}}
,"/home/sulochan/development/sqlwarden/.worktrees/frontend-refactor/frontend/src/lib/permissions.ts": {"lines":{"total":93,"covered":60,"skipped":0,"pct":64.51},"functions":{"total":8,"covered":3,"skipped":0,"pct":37.5},"statements":{"total":93,"covered":60,"skipped":0,"pct":64.51},"branches":{"total":5,"covered":4,"skipped":0,"pct":80}}
,"/home/sulochan/development/sqlwarden/.worktrees/frontend-refactor/frontend/src/lib/user-menu.ts": {"lines":{"total":28,"covered":28,"skipped":0,"pct":100},"functions":{"total":2,"covered":2,"skipped":0,"pct":100},"statements":{"total":28,"covered":28,"skipped":0,"pct":100},"branches":{"total":7,"covered":7,"skipped":0,"pct":100}}
,"/home/sulochan/development/sqlwarden/.worktrees/frontend-refactor/frontend/src/lib/utils.ts": {"lines":{"total":8,"covered":8,"skipped":0,"pct":100},"functions":{"total":2,"covered":2,"skipped":0,"pct":100},"statements":{"total":8,"covered":8,"skipped":0,"pct":100},"branches":{"total":4,"covered":4,"skipped":0,"pct":100}}
,"/home/sulochan/development/sqlwarden/.worktrees/frontend-refactor/frontend/src/lib/workspace-page-permissions.ts": {"lines":{"total":34,"covered":0,"skipped":0,"pct":0},"functions":{"total":1,"covered":0,"skipped":0,"pct":0},"statements":{"total":34,"covered":0,"skipped":0,"pct":0},"branches":{"total":1,"covered":0,"skipped":0,"pct":0}}
,"/home/sulochan/development/sqlwarden/.worktrees/frontend-refactor/frontend/src/lib/api/client.ts": {"lines":{"total":134,"covered":124,"skipped":0,"pct":92.53},"functions":{"total":12,"covered":11,"skipped":0,"pct":91.66},"statements":{"total":134,"covered":124,"skipped":0,"pct":92.53},"branches":{"total":67,"covered":59,"skipped":0,"pct":88.05}}
,"/home/sulochan/development/sqlwarden/.worktrees/frontend-refactor/frontend/src/lib/api/errors.ts": {"lines":{"total":20,"covered":20,"skipped":0,"pct":100},"functions":{"total":4,"covered":4,"skipped":0,"pct":100},"statements":{"total":20,"covered":20,"skipped":0,"pct":100},"branches":{"total":10,"covered":10,"skipped":0,"pct":100}}
,"/home/sulochan/development/sqlwarden/.worktrees/frontend-refactor/frontend/src/lib/api/exports.ts": {"lines":{"total":56,"covered":20,"skipped":0,"pct":35.71},"functions":{"total":4,"covered":2,"skipped":0,"pct":50},"statements":{"total":56,"covered":20,"skipped":0,"pct":35.71},"branches":{"total":2,"covered":2,"skipped":0,"pct":100}}
,"/home/sulochan/development/sqlwarden/.worktrees/frontend-refactor/frontend/src/lib/api/files.ts": {"lines":{"total":68,"covered":58,"skipped":0,"pct":85.29},"functions":{"total":4,"covered":4,"skipped":0,"pct":100},"statements":{"total":68,"covered":58,"skipped":0,"pct":85.29},"branches":{"total":11,"covered":4,"skipped":0,"pct":36.36}}
,"/home/sulochan/development/sqlwarden/.worktrees/frontend-refactor/frontend/src/lib/api/query-keys.ts": {"lines":{"total":117,"covered":93,"skipped":0,"pct":79.48},"functions":{"total":74,"covered":26,"skipped":0,"pct":35.13},"statements":{"total":117,"covered":93,"skipped":0,"pct":79.48},"branches":{"total":36,"covered":27,"skipped":0,"pct":75}}
,"/home/sulochan/development/sqlwarden/.worktrees/frontend-refactor/frontend/src/lib/api/query.ts": {"lines":{"total":7,"covered":7,"skipped":0,"pct":100},"functions":{"total":0,"covered":0,"skipped":0,"pct":100},"statements":{"total":7,"covered":7,"skipped":0,"pct":100},"branches":{"total":0,"covered":0,"skipped":0,"pct":100}}
,"/home/sulochan/development/sqlwarden/.worktrees/frontend-refactor/frontend/src/lib/api/types.ts": {"lines":{"total":0,"covered":0,"skipped":0,"pct":100},"functions":{"total":1,"covered":1,"skipped":0,"pct":100},"statements":{"total":0,"covered":0,"skipped":0,"pct":100},"branches":{"total":1,"covered":1,"skipped":0,"pct":100}}
,"/home/sulochan/development/sqlwarden/.worktrees/frontend-refactor/frontend/src/lib/api/queries/auth.ts": {"lines":{"total":24,"covered":24,"skipped":0,"pct":100},"functions":{"total":6,"covered":6,"skipped":0,"pct":100},"statements":{"total":24,"covered":24,"skipped":0,"pct":100},"branches":{"total":6,"covered":6,"skipped":0,"pct":100}}
,"/home/sulochan/development/sqlwarden/.worktrees/frontend-refactor/frontend/src/lib/api/queries/database.ts": {"lines":{"total":161,"covered":105,"skipped":0,"pct":65.21},"functions":{"total":20,"covered":13,"skipped":0,"pct":65},"statements":{"total":161,"covered":105,"skipped":0,"pct":65.21},"branches":{"total":15,"covered":14,"skipped":0,"pct":93.33}}
,"/home/sulochan/development/sqlwarden/.worktrees/frontend-refactor/frontend/src/lib/api/queries/files.ts": {"lines":{"total":84,"covered":36,"skipped":0,"pct":42.85},"functions":{"total":12,"covered":6,"skipped":0,"pct":50},"statements":{"total":84,"covered":36,"skipped":0,"pct":42.85},"branches":{"total":9,"covered":8,"skipped":0,"pct":88.88}}
,"/home/sulochan/development/sqlwarden/.worktrees/frontend-refactor/frontend/src/lib/api/queries/instance.ts": {"lines":{"total":31,"covered":13,"skipped":0,"pct":41.93},"functions":{"total":5,"covered":2,"skipped":0,"pct":40},"statements":{"total":31,"covered":13,"skipped":0,"pct":41.93},"branches":{"total":2,"covered":2,"skipped":0,"pct":100}}
,"/home/sulochan/development/sqlwarden/.worktrees/frontend-refactor/frontend/src/lib/api/queries/organization.ts": {"lines":{"total":121,"covered":37,"skipped":0,"pct":30.57},"functions":{"total":18,"covered":4,"skipped":0,"pct":22.22},"statements":{"total":121,"covered":37,"skipped":0,"pct":30.57},"branches":{"total":4,"covered":4,"skipped":0,"pct":100}}
,"/home/sulochan/development/sqlwarden/.worktrees/frontend-refactor/frontend/src/lib/api/queries/workspace.ts": {"lines":{"total":114,"covered":42,"skipped":0,"pct":36.84},"functions":{"total":17,"covered":7,"skipped":0,"pct":41.17},"statements":{"total":114,"covered":42,"skipped":0,"pct":36.84},"branches":{"total":7,"covered":7,"skipped":0,"pct":100}}
,"/home/sulochan/development/sqlwarden/.worktrees/frontend-refactor/frontend/src/lib/auth/access-token.ts": {"lines":{"total":10,"covered":10,"skipped":0,"pct":100},"functions":{"total":3,"covered":3,"skipped":0,"pct":100},"statements":{"total":10,"covered":10,"skipped":0,"pct":100},"branches":{"total":3,"covered":3,"skipped":0,"pct":100}}
,"/home/sulochan/development/sqlwarden/.worktrees/frontend-refactor/frontend/src/lib/auth/invalidation.ts": {"lines":{"total":4,"covered":4,"skipped":0,"pct":100},"functions":{"total":1,"covered":1,"skipped":0,"pct":100},"statements":{"total":4,"covered":4,"skipped":0,"pct":100},"branches":{"total":1,"covered":1,"skipped":0,"pct":100}}
,"/home/sulochan/development/sqlwarden/.worktrees/frontend-refactor/frontend/src/lib/auth/query-cache.ts": {"lines":{"total":3,"covered":3,"skipped":0,"pct":100},"functions":{"total":1,"covered":1,"skipped":0,"pct":100},"statements":{"total":3,"covered":3,"skipped":0,"pct":100},"branches":{"total":1,"covered":1,"skipped":0,"pct":100}}
,"/home/sulochan/development/sqlwarden/.worktrees/frontend-refactor/frontend/src/lib/editor-font/context.tsx": {"lines":{"total":77,"covered":63,"skipped":0,"pct":81.81},"functions":{"total":9,"covered":4,"skipped":0,"pct":44.44},"statements":{"total":77,"covered":63,"skipped":0,"pct":81.81},"branches":{"total":19,"covered":11,"skipped":0,"pct":57.89}}
,"/home/sulochan/development/sqlwarden/.worktrees/frontend-refactor/frontend/src/lib/editor-themes/context.tsx": {"lines":{"total":35,"covered":26,"skipped":0,"pct":74.28},"functions":{"total":7,"covered":2,"skipped":0,"pct":28.57},"statements":{"total":35,"covered":26,"skipped":0,"pct":74.28},"branches":{"total":6,"covered":4,"skipped":0,"pct":66.66}}
,"/home/sulochan/development/sqlwarden/.worktrees/frontend-refactor/frontend/src/lib/editor-themes/index.ts": {"lines":{"total":43,"covered":15,"skipped":0,"pct":34.88},"functions":{"total":3,"covered":0,"skipped":0,"pct":0},"statements":{"total":43,"covered":15,"skipped":0,"pct":34.88},"branches":{"total":0,"covered":0,"skipped":0,"pct":100}}
,"/home/sulochan/development/sqlwarden/.worktrees/frontend-refactor/frontend/src/lib/editor-themes/themes/gruvbox-light.ts": {"lines":{"total":55,"covered":0,"skipped":0,"pct":0},"functions":{"total":1,"covered":0,"skipped":0,"pct":0},"statements":{"total":55,"covered":0,"skipped":0,"pct":0},"branches":{"total":1,"covered":0,"skipped":0,"pct":0}}
,"/home/sulochan/development/sqlwarden/.worktrees/frontend-refactor/frontend/src/lib/editor-themes/themes/sqlwarden-dark.ts": {"lines":{"total":56,"covered":0,"skipped":0,"pct":0},"functions":{"total":1,"covered":0,"skipped":0,"pct":0},"statements":{"total":56,"covered":0,"skipped":0,"pct":0},"branches":{"total":1,"covered":0,"skipped":0,"pct":0}}
,"/home/sulochan/development/sqlwarden/.worktrees/frontend-refactor/frontend/src/lib/editor-themes/themes/sqlwarden-light.ts": {"lines":{"total":56,"covered":0,"skipped":0,"pct":0},"functions":{"total":1,"covered":0,"skipped":0,"pct":0},"statements":{"total":56,"covered":0,"skipped":0,"pct":0},"branches":{"total":1,"covered":0,"skipped":0,"pct":0}}
,"/home/sulochan/development/sqlwarden/.worktrees/frontend-refactor/frontend/src/lib/icons/context.tsx": {"lines":{"total":62,"covered":45,"skipped":0,"pct":72.58},"functions":{"total":8,"covered":4,"skipped":0,"pct":50},"statements":{"total":62,"covered":45,"skipped":0,"pct":72.58},"branches":{"total":8,"covered":7,"skipped":0,"pct":87.5}}
,"/home/sulochan/development/sqlwarden/.worktrees/frontend-refactor/frontend/src/lib/icons/icon.tsx": {"lines":{"total":16,"covered":10,"skipped":0,"pct":62.5},"functions":{"total":1,"covered":1,"skipped":0,"pct":100},"statements":{"total":16,"covered":10,"skipped":0,"pct":62.5},"branches":{"total":3,"covered":1,"skipped":0,"pct":33.33}}
,"/home/sulochan/development/sqlwarden/.worktrees/frontend-refactor/frontend/src/lib/icons/index.ts": {"lines":{"total":2,"covered":2,"skipped":0,"pct":100},"functions":{"total":0,"covered":0,"skipped":0,"pct":100},"statements":{"total":2,"covered":2,"skipped":0,"pct":100},"branches":{"total":0,"covered":0,"skipped":0,"pct":100}}
,"/home/sulochan/development/sqlwarden/.worktrees/frontend-refactor/frontend/src/lib/icons/registry.ts": {"lines":{"total":0,"covered":0,"skipped":0,"pct":100},"functions":{"total":1,"covered":1,"skipped":0,"pct":100},"statements":{"total":0,"covered":0,"skipped":0,"pct":100},"branches":{"total":1,"covered":1,"skipped":0,"pct":100}}
,"/home/sulochan/development/sqlwarden/.worktrees/frontend-refactor/frontend/src/lib/icons/packs/hugeicons.ts": {"lines":{"total":88,"covered":88,"skipped":0,"pct":100},"functions":{"total":0,"covered":0,"skipped":0,"pct":100},"statements":{"total":88,"covered":88,"skipped":0,"pct":100},"branches":{"total":0,"covered":0,"skipped":0,"pct":100}}
,"/home/sulochan/development/sqlwarden/.worktrees/frontend-refactor/frontend/src/lib/icons/packs/lucide.ts": {"lines":{"total":88,"covered":0,"skipped":0,"pct":0},"functions":{"total":1,"covered":1,"skipped":0,"pct":100},"statements":{"total":88,"covered":0,"skipped":0,"pct":0},"branches":{"total":1,"covered":1,"skipped":0,"pct":100}}
,"/home/sulochan/development/sqlwarden/.worktrees/frontend-refactor/frontend/src/lib/icons/packs/remix.ts": {"lines":{"total":88,"covered":0,"skipped":0,"pct":0},"functions":{"total":1,"covered":1,"skipped":0,"pct":100},"statements":{"total":88,"covered":0,"skipped":0,"pct":0},"branches":{"total":1,"covered":1,"skipped":0,"pct":100}}
,"/home/sulochan/development/sqlwarden/.worktrees/frontend-refactor/frontend/src/lib/interface-font/context.tsx": {"lines":{"total":57,"covered":49,"skipped":0,"pct":85.96},"functions":{"total":6,"covered":3,"skipped":0,"pct":50},"statements":{"total":57,"covered":49,"skipped":0,"pct":85.96},"branches":{"total":15,"covered":9,"skipped":0,"pct":60}}
,"/home/sulochan/development/sqlwarden/.worktrees/frontend-refactor/frontend/src/lib/theme-lab/context.tsx": {"lines":{"total":219,"covered":138,"skipped":0,"pct":63.01},"functions":{"total":24,"covered":7,"skipped":0,"pct":29.16},"statements":{"total":219,"covered":138,"skipped":0,"pct":63.01},"branches":{"total":30,"covered":17,"skipped":0,"pct":56.66}}
,"/home/sulochan/development/sqlwarden/.worktrees/frontend-refactor/frontend/src/routes/__root.tsx": {"lines":{"total":61,"covered":57,"skipped":0,"pct":93.44},"functions":{"total":3,"covered":2,"skipped":0,"pct":66.66},"statements":{"total":61,"covered":57,"skipped":0,"pct":93.44},"branches":{"total":5,"covered":4,"skipped":0,"pct":80}}
,"/home/sulochan/development/sqlwarden/.worktrees/frontend-refactor/frontend/src/routes/administration.administrators.tsx": {"lines":{"total":6,"covered":6,"skipped":0,"pct":100},"functions":{"total":0,"covered":0,"skipped":0,"pct":100},"statements":{"total":6,"covered":6,"skipped":0,"pct":100},"branches":{"total":0,"covered":0,"skipped":0,"pct":100}}
,"/home/sulochan/development/sqlwarden/.worktrees/frontend-refactor/frontend/src/routes/administration.index.tsx": {"lines":{"total":4,"covered":4,"skipped":0,"pct":100},"functions":{"total":0,"covered":0,"skipped":0,"pct":100},"statements":{"total":4,"covered":4,"skipped":0,"pct":100},"branches":{"total":0,"covered":0,"skipped":0,"pct":100}}
,"/home/sulochan/development/sqlwarden/.worktrees/frontend-refactor/frontend/src/routes/administration.instance.tsx": {"lines":{"total":7,"covered":7,"skipped":0,"pct":100},"functions":{"total":0,"covered":0,"skipped":0,"pct":100},"statements":{"total":7,"covered":7,"skipped":0,"pct":100},"branches":{"total":0,"covered":0,"skipped":0,"pct":100}}
,"/home/sulochan/development/sqlwarden/.worktrees/frontend-refactor/frontend/src/routes/administration.organizations.tsx": {"lines":{"total":6,"covered":6,"skipped":0,"pct":100},"functions":{"total":0,"covered":0,"skipped":0,"pct":100},"statements":{"total":6,"covered":6,"skipped":0,"pct":100},"branches":{"total":0,"covered":0,"skipped":0,"pct":100}}
,"/home/sulochan/development/sqlwarden/.worktrees/frontend-refactor/frontend/src/routes/administration.tsx": {"lines":{"total":4,"covered":4,"skipped":0,"pct":100},"functions":{"total":0,"covered":0,"skipped":0,"pct":100},"statements":{"total":4,"covered":4,"skipped":0,"pct":100},"branches":{"total":0,"covered":0,"skipped":0,"pct":100}}
,"/home/sulochan/development/sqlwarden/.worktrees/frontend-refactor/frontend/src/routes/administration.users.tsx": {"lines":{"total":7,"covered":7,"skipped":0,"pct":100},"functions":{"total":0,"covered":0,"skipped":0,"pct":100},"statements":{"total":7,"covered":7,"skipped":0,"pct":100},"branches":{"total":0,"covered":0,"skipped":0,"pct":100}}
,"/home/sulochan/development/sqlwarden/.worktrees/frontend-refactor/frontend/src/routes/ide.$org_slug.tsx": {"lines":{"total":8,"covered":8,"skipped":0,"pct":100},"functions":{"total":0,"covered":0,"skipped":0,"pct":100},"statements":{"total":8,"covered":8,"skipped":0,"pct":100},"branches":{"total":0,"covered":0,"skipped":0,"pct":100}}
,"/home/sulochan/development/sqlwarden/.worktrees/frontend-refactor/frontend/src/routes/index.tsx": {"lines":{"total":2,"covered":2,"skipped":0,"pct":100},"functions":{"total":0,"covered":0,"skipped":0,"pct":100},"statements":{"total":2,"covered":2,"skipped":0,"pct":100},"branches":{"total":0,"covered":0,"skipped":0,"pct":100}}
,"/home/sulochan/development/sqlwarden/.worktrees/frontend-refactor/frontend/src/routes/login.tsx": {"lines":{"total":4,"covered":4,"skipped":0,"pct":100},"functions":{"total":0,"covered":0,"skipped":0,"pct":100},"statements":{"total":4,"covered":4,"skipped":0,"pct":100},"branches":{"total":0,"covered":0,"skipped":0,"pct":100}}
,"/home/sulochan/development/sqlwarden/.worktrees/frontend-refactor/frontend/src/routes/orgs.$org_slug.index.tsx": {"lines":{"total":4,"covered":4,"skipped":0,"pct":100},"functions":{"total":0,"covered":0,"skipped":0,"pct":100},"statements":{"total":4,"covered":4,"skipped":0,"pct":100},"branches":{"total":0,"covered":0,"skipped":0,"pct":100}}
,"/home/sulochan/development/sqlwarden/.worktrees/frontend-refactor/frontend/src/routes/orgs.$org_slug.policies.$binding_id.tsx": {"lines":{"total":6,"covered":6,"skipped":0,"pct":100},"functions":{"total":0,"covered":0,"skipped":0,"pct":100},"statements":{"total":6,"covered":6,"skipped":0,"pct":100},"branches":{"total":0,"covered":0,"skipped":0,"pct":100}}
,"/home/sulochan/development/sqlwarden/.worktrees/frontend-refactor/frontend/src/routes/orgs.$org_slug.policies.tsx": {"lines":{"total":15,"covered":10,"skipped":0,"pct":66.66},"functions":{"total":2,"covered":0,"skipped":0,"pct":0},"statements":{"total":15,"covered":10,"skipped":0,"pct":66.66},"branches":{"total":0,"covered":0,"skipped":0,"pct":100}}
,"/home/sulochan/development/sqlwarden/.worktrees/frontend-refactor/frontend/src/routes/orgs.$org_slug.roles.$role_id.tsx": {"lines":{"total":6,"covered":6,"skipped":0,"pct":100},"functions":{"total":0,"covered":0,"skipped":0,"pct":100},"statements":{"total":6,"covered":6,"skipped":0,"pct":100},"branches":{"total":0,"covered":0,"skipped":0,"pct":100}}
,"/home/sulochan/development/sqlwarden/.worktrees/frontend-refactor/frontend/src/routes/orgs.$org_slug.roles.tsx": {"lines":{"total":6,"covered":6,"skipped":0,"pct":100},"functions":{"total":0,"covered":0,"skipped":0,"pct":100},"statements":{"total":6,"covered":6,"skipped":0,"pct":100},"branches":{"total":0,"covered":0,"skipped":0,"pct":100}}
,"/home/sulochan/development/sqlwarden/.worktrees/frontend-refactor/frontend/src/routes/orgs.$org_slug.settings.general.tsx": {"lines":{"total":7,"covered":7,"skipped":0,"pct":100},"functions":{"total":0,"covered":0,"skipped":0,"pct":100},"statements":{"total":7,"covered":7,"skipped":0,"pct":100},"branches":{"total":0,"covered":0,"skipped":0,"pct":100}}
,"/home/sulochan/development/sqlwarden/.worktrees/frontend-refactor/frontend/src/routes/orgs.$org_slug.settings.tsx": {"lines":{"total":6,"covered":6,"skipped":0,"pct":100},"functions":{"total":0,"covered":0,"skipped":0,"pct":100},"statements":{"total":6,"covered":6,"skipped":0,"pct":100},"branches":{"total":0,"covered":0,"skipped":0,"pct":100}}
,"/home/sulochan/development/sqlwarden/.worktrees/frontend-refactor/frontend/src/routes/orgs.$org_slug.teams.$team_slug.tsx": {"lines":{"total":6,"covered":6,"skipped":0,"pct":100},"functions":{"total":0,"covered":0,"skipped":0,"pct":100},"statements":{"total":6,"covered":6,"skipped":0,"pct":100},"branches":{"total":0,"covered":0,"skipped":0,"pct":100}}
,"/home/sulochan/development/sqlwarden/.worktrees/frontend-refactor/frontend/src/routes/orgs.$org_slug.teams.tsx": {"lines":{"total":6,"covered":6,"skipped":0,"pct":100},"functions":{"total":0,"covered":0,"skipped":0,"pct":100},"statements":{"total":6,"covered":6,"skipped":0,"pct":100},"branches":{"total":0,"covered":0,"skipped":0,"pct":100}}
,"/home/sulochan/development/sqlwarden/.worktrees/frontend-refactor/frontend/src/routes/orgs.$org_slug.tsx": {"lines":{"total":4,"covered":4,"skipped":0,"pct":100},"functions":{"total":0,"covered":0,"skipped":0,"pct":100},"statements":{"total":4,"covered":4,"skipped":0,"pct":100},"branches":{"total":0,"covered":0,"skipped":0,"pct":100}}
,"/home/sulochan/development/sqlwarden/.worktrees/frontend-refactor/frontend/src/routes/orgs.$org_slug.users.$account_id.tsx": {"lines":{"total":6,"covered":6,"skipped":0,"pct":100},"functions":{"total":0,"covered":0,"skipped":0,"pct":100},"statements":{"total":6,"covered":6,"skipped":0,"pct":100},"branches":{"total":0,"covered":0,"skipped":0,"pct":100}}
,"/home/sulochan/development/sqlwarden/.worktrees/frontend-refactor/frontend/src/routes/orgs.$org_slug.users.tsx": {"lines":{"total":6,"covered":6,"skipped":0,"pct":100},"functions":{"total":0,"covered":0,"skipped":0,"pct":100},"statements":{"total":6,"covered":6,"skipped":0,"pct":100},"branches":{"total":0,"covered":0,"skipped":0,"pct":100}}
,"/home/sulochan/development/sqlwarden/.worktrees/frontend-refactor/frontend/src/routes/orgs.$org_slug.workspaces.$workspace_id.connections.tsx": {"lines":{"total":6,"covered":6,"skipped":0,"pct":100},"functions":{"total":0,"covered":0,"skipped":0,"pct":100},"statements":{"total":6,"covered":6,"skipped":0,"pct":100},"branches":{"total":0,"covered":0,"skipped":0,"pct":100}}
,"/home/sulochan/development/sqlwarden/.worktrees/frontend-refactor/frontend/src/routes/orgs.$org_slug.workspaces.$workspace_id.environments.tsx": {"lines":{"total":7,"covered":7,"skipped":0,"pct":100},"functions":{"total":0,"covered":0,"skipped":0,"pct":100},"statements":{"total":7,"covered":7,"skipped":0,"pct":100},"branches":{"total":0,"covered":0,"skipped":0,"pct":100}}
,"/home/sulochan/development/sqlwarden/.worktrees/frontend-refactor/frontend/src/routes/orgs.$org_slug.workspaces.$workspace_id.policies.tsx": {"lines":{"total":7,"covered":7,"skipped":0,"pct":100},"functions":{"total":0,"covered":0,"skipped":0,"pct":100},"statements":{"total":7,"covered":7,"skipped":0,"pct":100},"branches":{"total":0,"covered":0,"skipped":0,"pct":100}}
,"/home/sulochan/development/sqlwarden/.worktrees/frontend-refactor/frontend/src/routes/orgs.$org_slug.workspaces.$workspace_id.roles.$role_id.tsx": {"lines":{"total":6,"covered":6,"skipped":0,"pct":100},"functions":{"total":0,"covered":0,"skipped":0,"pct":100},"statements":{"total":6,"covered":6,"skipped":0,"pct":100},"branches":{"total":0,"covered":0,"skipped":0,"pct":100}}
,"/home/sulochan/development/sqlwarden/.worktrees/frontend-refactor/frontend/src/routes/orgs.$org_slug.workspaces.$workspace_id.roles.tsx": {"lines":{"total":6,"covered":6,"skipped":0,"pct":100},"functions":{"total":0,"covered":0,"skipped":0,"pct":100},"statements":{"total":6,"covered":6,"skipped":0,"pct":100},"branches":{"total":0,"covered":0,"skipped":0,"pct":100}}
,"/home/sulochan/development/sqlwarden/.worktrees/frontend-refactor/frontend/src/routes/orgs.$org_slug.workspaces.$workspace_id.settings.tsx": {"lines":{"total":7,"covered":7,"skipped":0,"pct":100},"functions":{"total":0,"covered":0,"skipped":0,"pct":100},"statements":{"total":7,"covered":7,"skipped":0,"pct":100},"branches":{"total":0,"covered":0,"skipped":0,"pct":100}}
,"/home/sulochan/development/sqlwarden/.worktrees/frontend-refactor/frontend/src/routes/orgs.$org_slug.workspaces.$workspace_id.teams.tsx": {"lines":{"total":6,"covered":6,"skipped":0,"pct":100},"functions":{"total":0,"covered":0,"skipped":0,"pct":100},"statements":{"total":6,"covered":6,"skipped":0,"pct":100},"branches":{"total":0,"covered":0,"skipped":0,"pct":100}}
,"/home/sulochan/development/sqlwarden/.worktrees/frontend-refactor/frontend/src/routes/orgs.$org_slug.workspaces.$workspace_id.tsx": {"lines":{"total":5,"covered":5,"skipped":0,"pct":100},"functions":{"total":0,"covered":0,"skipped":0,"pct":100},"statements":{"total":5,"covered":5,"skipped":0,"pct":100},"branches":{"total":0,"covered":0,"skipped":0,"pct":100}}
,"/home/sulochan/development/sqlwarden/.worktrees/frontend-refactor/frontend/src/routes/orgs.$org_slug.workspaces.$workspace_id.users.tsx": {"lines":{"total":7,"covered":7,"skipped":0,"pct":100},"functions":{"total":0,"covered":0,"skipped":0,"pct":100},"statements":{"total":7,"covered":7,"skipped":0,"pct":100},"branches":{"total":0,"covered":0,"skipped":0,"pct":100}}
,"/home/sulochan/development/sqlwarden/.worktrees/frontend-refactor/frontend/src/routes/orgs.$org_slug.workspaces.tsx": {"lines":{"total":6,"covered":6,"skipped":0,"pct":100},"functions":{"total":0,"covered":0,"skipped":0,"pct":100},"statements":{"total":6,"covered":6,"skipped":0,"pct":100},"branches":{"total":0,"covered":0,"skipped":0,"pct":100}}
,"/home/sulochan/development/sqlwarden/.worktrees/frontend-refactor/frontend/src/routes/settings.account.tsx": {"lines":{"total":7,"covered":7,"skipped":0,"pct":100},"functions":{"total":0,"covered":0,"skipped":0,"pct":100},"statements":{"total":7,"covered":7,"skipped":0,"pct":100},"branches":{"total":0,"covered":0,"skipped":0,"pct":100}}
,"/home/sulochan/development/sqlwarden/.worktrees/frontend-refactor/frontend/src/routes/settings.administrators.tsx": {"lines":{"total":4,"covered":4,"skipped":0,"pct":100},"functions":{"total":0,"covered":0,"skipped":0,"pct":100},"statements":{"total":4,"covered":4,"skipped":0,"pct":100},"branches":{"total":0,"covered":0,"skipped":0,"pct":100}}
,"/home/sulochan/development/sqlwarden/.worktrees/frontend-refactor/frontend/src/routes/settings.api-tokens.tsx": {"lines":{"total":6,"covered":6,"skipped":0,"pct":100},"functions":{"total":0,"covered":0,"skipped":0,"pct":100},"statements":{"total":6,"covered":6,"skipped":0,"pct":100},"branches":{"total":0,"covered":0,"skipped":0,"pct":100}}
,"/home/sulochan/development/sqlwarden/.worktrees/frontend-refactor/frontend/src/routes/settings.index.tsx": {"lines":{"total":4,"covered":4,"skipped":0,"pct":100},"functions":{"total":0,"covered":0,"skipped":0,"pct":100},"statements":{"total":4,"covered":4,"skipped":0,"pct":100},"branches":{"total":0,"covered":0,"skipped":0,"pct":100}}
,"/home/sulochan/development/sqlwarden/.worktrees/frontend-refactor/frontend/src/routes/settings.instance.tsx": {"lines":{"total":4,"covered":4,"skipped":0,"pct":100},"functions":{"total":0,"covered":0,"skipped":0,"pct":100},"statements":{"total":4,"covered":4,"skipped":0,"pct":100},"branches":{"total":0,"covered":0,"skipped":0,"pct":100}}
,"/home/sulochan/development/sqlwarden/.worktrees/frontend-refactor/frontend/src/routes/settings.my-organizations.tsx": {"lines":{"total":6,"covered":6,"skipped":0,"pct":100},"functions":{"total":0,"covered":0,"skipped":0,"pct":100},"statements":{"total":6,"covered":6,"skipped":0,"pct":100},"branches":{"total":0,"covered":0,"skipped":0,"pct":100}}
,"/home/sulochan/development/sqlwarden/.worktrees/frontend-refactor/frontend/src/routes/settings.organizations.tsx": {"lines":{"total":4,"covered":4,"skipped":0,"pct":100},"functions":{"total":0,"covered":0,"skipped":0,"pct":100},"statements":{"total":4,"covered":4,"skipped":0,"pct":100},"branches":{"total":0,"covered":0,"skipped":0,"pct":100}}
,"/home/sulochan/development/sqlwarden/.worktrees/frontend-refactor/frontend/src/routes/settings.tsx": {"lines":{"total":4,"covered":4,"skipped":0,"pct":100},"functions":{"total":0,"covered":0,"skipped":0,"pct":100},"statements":{"total":4,"covered":4,"skipped":0,"pct":100},"branches":{"total":0,"covered":0,"skipped":0,"pct":100}}
,"/home/sulochan/development/sqlwarden/.worktrees/frontend-refactor/frontend/src/routes/settings.users.tsx": {"lines":{"total":4,"covered":4,"skipped":0,"pct":100},"functions":{"total":0,"covered":0,"skipped":0,"pct":100},"statements":{"total":4,"covered":4,"skipped":0,"pct":100},"branches":{"total":0,"covered":0,"skipped":0,"pct":100}}
,"/home/sulochan/development/sqlwarden/.worktrees/frontend-refactor/frontend/src/routes/setup.tsx": {"lines":{"total":4,"covered":4,"skipped":0,"pct":100},"functions":{"total":0,"covered":0,"skipped":0,"pct":100},"statements":{"total":4,"covered":4,"skipped":0,"pct":100},"branches":{"total":0,"covered":0,"skipped":0,"pct":100}}
}
